2021-05-18 11:03:36,152 INFO [image]                 Book.java:473  | 1 sheet in .\tmp\image.png
2021-05-18 11:03:36,354 INFO []                 Book.java:1660 | Stored /book.xml
2021-05-18 11:03:36,354 INFO []                 Book.java:1613 | Book stored as .\tmp\image\image.omr
2021-05-18 11:03:36,359 INFO []                 Book.java:1327 | Book reaching PAGE on sheets:[#1]
2021-05-18 11:03:36,361 INFO [image]       StepMonitoring.java:93   | LOAD
2021-05-18 11:03:36,506 INFO [image]                 Book.java:1226 | Loaded image 1 20480x367 from .\tmp\image.png
2021-05-18 11:03:36,510 INFO [image]            ImageUtil.java:81   | Converting max RGB to gray ...
2021-05-18 11:03:36,699 INFO [image]                 Book.java:1660 | Stored /book.xml
2021-05-18 11:03:36,857 INFO [image]                Sheet.java:1246 | Stored /sheet#1/sheet#1.xml
2021-05-18 11:03:36,859 INFO [image]       StepMonitoring.java:93   | BINARY
2021-05-18 11:03:37,325 INFO [image]                 Book.java:1660 | Stored /book.xml
2021-05-18 11:03:37,664 INFO [image]              Picture.java:784  | Stored /sheet#1/BINARY.xml
2021-05-18 11:03:37,665 INFO [image]                Sheet.java:1246 | Stored /sheet#1/sheet#1.xml
2021-05-18 11:03:37,667 INFO [image]       StepMonitoring.java:93   | SCALE
2021-05-18 11:03:37,698 INFO [image]         ScaleBuilder.java:492  | Beam minHeight:5 maxHeight:16 quorum:3889
2021-05-18 11:03:37,699 INFO [image]         ScaleBuilder.java:235  | No beam key found, guessed value: 10
2021-05-18 11:03:37,699 INFO [image]            ScaleStep.java:84   | Scale{line(2,2,3) interline(18,18,18) beam(10 extra)}
2021-05-18 11:03:37,708 INFO [image]                 Book.java:1660 | Stored /book.xml
2021-05-18 11:03:37,709 INFO [image]                Sheet.java:1246 | Stored /sheet#1/sheet#1.xml
2021-05-18 11:03:37,711 INFO [image]       StepMonitoring.java:93   | GRID
2021-05-18 11:03:38,078 INFO [image]       LinesRetriever.java:447  | Global slope: 0.00000
2021-05-18 11:03:38,155 INFO [image]    ClustersRetriever.java:235  | Retrieved line clusters: 2 of size: 5 with interline: interline(18,18,18)
2021-05-18 11:03:38,358 INFO [image]            PeakGraph.java:177  | Systems: #1[1, 2]
2021-05-18 11:03:38,692 INFO [image]        SystemManager.java:731  | 1 part along 1 system
2021-05-18 11:03:38,707 INFO [image]                 Book.java:1660 | Stored /book.xml
2021-05-18 11:03:38,784 INFO [image]                Sheet.java:1246 | Stored /sheet#1/sheet#1.xml
2021-05-18 11:03:38,786 INFO [image]       StepMonitoring.java:93   | HEADERS
2021-05-18 11:03:38,925 INFO [image]      BasicClassifier.java:362  | Classifier loaded XML norms.
2021-05-18 11:03:38,929 INFO [image]   AbstractClassifier.java:348  | Classifier data loaded from default uri jar:file:/C:/Program%20Files/Audiveris/lib/audiveris.jar!/res/basic-classifier.zip
2021-05-18 11:03:39,421 INFO [image]                 Book.java:1660 | Stored /book.xml
2021-05-18 11:03:39,489 INFO [image]                Sheet.java:1246 | Stored /sheet#1/sheet#1.xml
2021-05-18 11:03:39,492 INFO [image]       StepMonitoring.java:93   | STEM_SEEDS
2021-05-18 11:03:39,548 INFO [image]        StemSeedsStep.java:93   | stem(3 max:4)
2021-05-18 11:03:39,615 INFO [image]                 Book.java:1660 | Stored /book.xml
2021-05-18 11:03:39,690 INFO [image]                Sheet.java:1246 | Stored /sheet#1/sheet#1.xml
2021-05-18 11:03:39,693 INFO [image]       StepMonitoring.java:93   | BEAMS
2021-05-18 11:03:42,209 INFO [image]       BlackHeadSizer.java:95   | Spots black-head retrieval diameter: 16.2
2021-05-18 11:03:43,166 INFO [image]       BlackHeadSizer.java:243  | Core black head count: 144 blackHead(width:23.3~0.4 height:20.0~0.7)
2021-05-18 11:03:43,167 INFO [image]       BlackHeadSizer.java:248  | MusicFont{name:MusicalSymbols pointSize:78}
2021-05-18 11:03:43,263 INFO [image]            BeamsStep.java:86   | BeamDistance{count:2 mean:9.60 stdDev:12.16}
2021-05-18 11:03:43,272 INFO [image]                 Book.java:1660 | Stored /book.xml
2021-05-18 11:03:43,349 INFO [image]              Picture.java:784  | Stored /sheet#1/HEAD_SPOTS.xml
2021-05-18 11:03:43,524 INFO [image]                Sheet.java:1246 | Stored /sheet#1/sheet#1.xml
2021-05-18 11:03:43,527 INFO [image]       StepMonitoring.java:93   | LEDGERS
2021-05-18 11:03:43,812 INFO [image]                 Book.java:1660 | Stored /book.xml
2021-05-18 11:03:43,994 INFO [image]                Sheet.java:1246 | Stored /sheet#1/sheet#1.xml
2021-05-18 11:03:43,996 INFO [image]       StepMonitoring.java:93   | HEADS
2021-05-18 11:03:48,922 INFO [image]                 Book.java:1660 | Stored /book.xml
2021-05-18 11:03:49,296 INFO [image]                Sheet.java:1246 | Stored /sheet#1/sheet#1.xml
2021-05-18 11:03:49,299 INFO [image]       StepMonitoring.java:93   | STEMS
2021-05-18 11:03:50,380 INFO [image]                 Book.java:1660 | Stored /book.xml
2021-05-18 11:03:50,830 INFO [image]                Sheet.java:1246 | Stored /sheet#1/sheet#1.xml
2021-05-18 11:03:50,833 INFO [image]       StepMonitoring.java:93   | REDUCTION
2021-05-18 11:03:50,931 INFO [image]                 Book.java:1660 | Stored /book.xml
2021-05-18 11:03:51,297 INFO [image]                Sheet.java:1246 | Stored /sheet#1/sheet#1.xml
2021-05-18 11:03:51,300 INFO [image]       StepMonitoring.java:93   | CUE_BEAMS
2021-05-18 11:03:51,309 INFO [image]                 Book.java:1660 | Stored /book.xml
2021-05-18 11:03:51,663 INFO [image]                Sheet.java:1246 | Stored /sheet#1/sheet#1.xml
2021-05-18 11:03:51,666 INFO [image]       StepMonitoring.java:93   | TEXTS
2021-05-18 11:03:51,668 WARN [image]            TextsStep.java:82   | TEXTS step: No OCR is available!
2021-05-18 11:03:51,679 INFO [image]                 Book.java:1660 | Stored /book.xml
2021-05-18 11:03:52,044 INFO [image]                Sheet.java:1246 | Stored /sheet#1/sheet#1.xml
2021-05-18 11:03:52,046 INFO [image]       StepMonitoring.java:93   | MEASURES
2021-05-18 11:03:52,050 INFO [image]                 Page.java:251  | 27 raw measures: [27 in system#1]
2021-05-18 11:03:52,058 INFO [image]                 Book.java:1660 | Stored /book.xml
2021-05-18 11:03:52,467 INFO [image]                Sheet.java:1246 | Stored /sheet#1/sheet#1.xml
2021-05-18 11:03:52,469 INFO [image]       StepMonitoring.java:93   | CHORDS
2021-05-18 11:03:52,495 INFO [image]        ChordsBuilder.java:280  | Deleting StemInter{#4603(0.565/0.631)} on RIGHT side of HeadInter{#3977(0.381/0.512) s:2 p:3.00 NOTEHEAD_VOID}
2021-05-18 11:03:52,510 INFO [image]        ChordsBuilder.java:280  | Deleting StemInter{#4763(0.506/0.581)} on RIGHT side of HeadInter{#3751(0.395/0.519) s:2 p:1.00 NOTEHEAD_VOID}
2021-05-18 11:03:52,512 INFO [image]        ChordsBuilder.java:280  | Deleting StemInter{#4789(0.561/0.627)} on RIGHT side of HeadInter{#3755(0.376/0.507) s:2 p:1.00 NOTEHEAD_VOID}
2021-05-18 11:03:52,513 INFO [image]        ChordsBuilder.java:280  | Deleting StemInter{#4799(0.561/0.627)} on RIGHT side of HeadInter{#3981(0.376/0.507) s:2 p:3.00 NOTEHEAD_VOID}
2021-05-18 11:03:52,515 INFO [image]        ChordsBuilder.java:280  | Deleting StemInter{#4812(0.505/0.581)} on RIGHT side of HeadInter{#3975(0.395/0.519) s:2 p:3.00 NOTEHEAD_VOID}
2021-05-18 11:03:52,521 INFO [image]        ChordsBuilder.java:280  | Deleting StemInter{#4910(0.567/0.632)} on RIGHT side of HeadInter{#3757(0.376/0.507) s:2 p:1.00 NOTEHEAD_VOID}
2021-05-18 11:03:52,538 INFO [image]                 Book.java:1660 | Stored /book.xml
2021-05-18 11:03:52,931 INFO [image]                Sheet.java:1246 | Stored /sheet#1/sheet#1.xml
2021-05-18 11:03:52,933 INFO [image]       StepMonitoring.java:93   | CURVES
2021-05-18 11:03:54,203 INFO [image]         SlursBuilder.java:156  | Slurs: 0
2021-05-18 11:03:54,210 INFO [image]      SegmentsBuilder.java:110  | Segments: 3
2021-05-18 11:03:54,223 INFO [image]                 Book.java:1660 | Stored /book.xml
2021-05-18 11:03:54,540 INFO [image]                Sheet.java:1246 | Stored /sheet#1/sheet#1.xml
2021-05-18 11:03:54,542 INFO [image]       StepMonitoring.java:93   | SYMBOLS
2021-05-18 11:03:54,915 INFO [image]                 Book.java:1660 | Stored /book.xml
2021-05-18 11:03:55,282 INFO [image]                Sheet.java:1246 | Stored /sheet#1/sheet#1.xml
2021-05-18 11:03:55,284 INFO [image]       StepMonitoring.java:93   | LINKS
2021-05-18 11:03:55,330 INFO [image]                 Book.java:1660 | Stored /book.xml
2021-05-18 11:03:55,694 INFO [image]                Sheet.java:1246 | Stored /sheet#1/sheet#1.xml
2021-05-18 11:03:55,696 INFO [image]       StepMonitoring.java:93   | RHYTHMS
2021-05-18 11:03:55,749 INFO [image]         SlotsBuilder.java:371  | S1 MeasureStack#12 Slot{#6 xOffset=380 timeOffset=5/8 incomings=[#5231] SUSPICIOUS}
2021-05-18 11:03:55,750 INFO [image]                Voice.java:234  | S1 Measure{#12P1} Voice #5 too long 1/8
2021-05-18 11:03:55,750 INFO [image]           StackTuner.java:88   | S1 MeasureStack#12 no correct rhythm
2021-05-18 11:03:55,757 INFO [image]         SlotsBuilder.java:371  | S1 MeasureStack#19 Slot{#4 xOffset=220 timeOffset=3/8 incomings=[#5285] SUSPICIOUS}
2021-05-18 11:03:55,758 INFO [image]                Voice.java:234  | S1 Measure{#19P1} Voice #1 too long 1/8
2021-05-18 11:03:55,759 INFO [image]                Voice.java:234  | S1 Measure{#19P1} Voice #5 too long 1/4
2021-05-18 11:03:55,759 INFO [image]           StackTuner.java:88   | S1 MeasureStack#19 no correct rhythm
2021-05-18 11:03:55,760 INFO [image]         SlotsBuilder.java:371  | S1 MeasureStack#20 Slot{#4 xOffset=217 timeOffset=3/8 incomings=[#5293] SUSPICIOUS}
2021-05-18 11:03:55,760 INFO [image]                Voice.java:234  | S1 Measure{#20P1} Voice #1 too long 1/4
2021-05-18 11:03:55,761 INFO [image]                Voice.java:234  | S1 Measure{#20P1} Voice #5 too long 1/4
2021-05-18 11:03:55,761 INFO [image]           StackTuner.java:88   | S1 MeasureStack#20 no correct rhythm
2021-05-18 11:03:55,764 INFO [image]                Voice.java:234  | S1 Measure{#24P1} Voice #1 too long 1/8
2021-05-18 11:03:55,765 INFO [image]                Voice.java:234  | S1 Measure{#24P1} Voice #5 too long 1/8
2021-05-18 11:03:55,765 INFO [image]           StackTuner.java:88   | S1 MeasureStack#24 no correct rhythm
2021-05-18 11:03:55,776 INFO [image]                 Book.java:1660 | Stored /book.xml
2021-05-18 11:03:56,168 INFO [image]                Sheet.java:1246 | Stored /sheet#1/sheet#1.xml
2021-05-18 11:03:56,170 INFO [image]       StepMonitoring.java:93   | PAGE
2021-05-18 11:03:56,173 INFO [image]                Voice.java:234  | S1 Measure{#12P1} Voice #5 too long 1/8
2021-05-18 11:03:56,175 INFO [image]                Voice.java:234  | S1 Measure{#19P1} Voice #1 too long 1/8
2021-05-18 11:03:56,175 INFO [image]                Voice.java:234  | S1 Measure{#19P1} Voice #5 too long 1/4
2021-05-18 11:03:56,175 INFO [image]                Voice.java:234  | S1 Measure{#20P1} Voice #1 too long 1/4
2021-05-18 11:03:56,175 INFO [image]                Voice.java:234  | S1 Measure{#20P1} Voice #5 too long 1/4
2021-05-18 11:03:56,176 INFO [image]                Voice.java:234  | S1 Measure{#24P1} Voice #1 too long 1/8
2021-05-18 11:03:56,176 INFO [image]                Voice.java:234  | S1 Measure{#24P1} Voice #5 too long 1/8
2021-05-18 11:03:56,184 INFO [image]                 Book.java:1660 | Stored /book.xml
2021-05-18 11:03:56,567 INFO [image]                Sheet.java:1246 | Stored /sheet#1/sheet#1.xml
2021-05-18 11:03:56,569 INFO [image]            SheetStub.java:979  | Sheet{image} disposed
2021-05-18 11:03:56,978 INFO [image]            SheetStub.java:632  | Loaded /sheet#1/sheet#1.xml
2021-05-18 11:03:56,978 INFO [image]                 Book.java:1451 | Scores built: 1
2021-05-18 11:03:57,580 INFO [image]        ScoreExporter.java:88   | Score image exported to .\tmp\image\image.mxl
2021-05-18 11:03:57,656 INFO [image]                 Book.java:1660 | Stored /book.xml
2021-05-18 11:03:57,656 INFO [image]                 Book.java:1613 | Book stored as .\tmp\image\image.omr
