2021-05-13 18:55:55,050 INFO [image]                 Book.java:473  | 1 sheet in .\tmp\image.png
2021-05-13 18:55:55,146 INFO []                 Book.java:1660 | Stored /book.xml
2021-05-13 18:55:55,146 INFO []                 Book.java:1613 | Book stored as .\tmp\image\image.omr
2021-05-13 18:55:55,149 INFO []                 Book.java:1327 | Book reaching PAGE on sheets:[#1]
2021-05-13 18:55:55,150 INFO [image]       StepMonitoring.java:93   | LOAD
2021-05-13 18:55:55,434 INFO [image]                 Book.java:1226 | Loaded image 1 43008x375 from .\tmp\image.png
2021-05-13 18:55:55,436 INFO [image]            ImageUtil.java:81   | Converting max RGB to gray ...
2021-05-13 18:55:55,917 INFO [image]                 Book.java:1660 | Stored /book.xml
2021-05-13 18:55:56,049 INFO [image]                Sheet.java:1246 | Stored /sheet#1/sheet#1.xml
2021-05-13 18:55:56,051 INFO [image]       StepMonitoring.java:93   | BINARY
2021-05-13 18:55:56,944 INFO [image]                 Book.java:1660 | Stored /book.xml
2021-05-13 18:55:57,667 INFO [image]              Picture.java:784  | Stored /sheet#1/BINARY.xml
2021-05-13 18:55:57,669 INFO [image]                Sheet.java:1246 | Stored /sheet#1/sheet#1.xml
2021-05-13 18:55:57,670 INFO [image]       StepMonitoring.java:93   | SCALE
2021-05-13 18:55:57,707 INFO [image]         ScaleBuilder.java:492  | Beam minHeight:5 maxHeight:16 quorum:8983
2021-05-13 18:55:57,708 INFO [image]            ScaleStep.java:84   | Scale{line(2,2,2) interline(18,18,18) beam(10)}
2021-05-13 18:55:57,715 INFO [image]                 Book.java:1660 | Stored /book.xml
2021-05-13 18:55:57,716 INFO [image]                Sheet.java:1246 | Stored /sheet#1/sheet#1.xml
2021-05-13 18:55:57,719 INFO [image]       StepMonitoring.java:93   | GRID
2021-05-13 18:55:58,382 INFO [image]       LinesRetriever.java:447  | Global slope: 0.00000
2021-05-13 18:55:58,538 INFO [image]    ClustersRetriever.java:235  | Retrieved line clusters: 2 of size: 5 with interline: interline(18,18,18)
2021-05-13 18:55:59,178 INFO [image]            PeakGraph.java:177  | Systems: #1[1, 2]
2021-05-13 18:55:59,771 INFO [image]        SystemManager.java:731  | 1 part along 1 system
2021-05-13 18:55:59,780 INFO [image]                 Book.java:1660 | Stored /book.xml
2021-05-13 18:55:59,935 INFO [image]                Sheet.java:1246 | Stored /sheet#1/sheet#1.xml
2021-05-13 18:55:59,937 INFO [image]       StepMonitoring.java:93   | HEADERS
2021-05-13 18:56:00,069 INFO []      BasicClassifier.java:362  | Classifier loaded XML norms.
2021-05-13 18:56:00,077 INFO []   AbstractClassifier.java:348  | Classifier data loaded from default uri jar:file:/C:/Program%20Files/Audiveris/lib/audiveris.jar!/res/basic-classifier.zip
2021-05-13 18:56:00,508 INFO [image]                 Book.java:1660 | Stored /book.xml
2021-05-13 18:56:00,643 INFO [image]                Sheet.java:1246 | Stored /sheet#1/sheet#1.xml
2021-05-13 18:56:00,648 INFO [image]       StepMonitoring.java:93   | STEM_SEEDS
2021-05-13 18:56:00,760 INFO [image]        StemSeedsStep.java:93   | stem(3 max:4)
2021-05-13 18:56:00,847 INFO [image]                 Book.java:1660 | Stored /book.xml
2021-05-13 18:56:00,993 INFO [image]                Sheet.java:1246 | Stored /sheet#1/sheet#1.xml
2021-05-13 18:56:00,995 INFO [image]       StepMonitoring.java:93   | BEAMS
2021-05-13 18:56:06,180 INFO [image]       BlackHeadSizer.java:95   | Spots black-head retrieval diameter: 16.2
2021-05-13 18:56:06,675 INFO [image]       BlackHeadSizer.java:243  | Core black head count: 400 blackHead(width:23.3~0.4 height:20.1~0.2)
2021-05-13 18:56:06,676 INFO [image]       BlackHeadSizer.java:248  | MusicFont{name:MusicalSymbols pointSize:78}
2021-05-13 18:56:07,066 INFO [image]            BeamsStep.java:86   | BeamDistance{count:116 mean:12.48 stdDev:4.07}
2021-05-13 18:56:07,076 INFO [image]                 Book.java:1660 | Stored /book.xml
2021-05-13 18:56:07,290 INFO [image]              Picture.java:784  | Stored /sheet#1/HEAD_SPOTS.xml
2021-05-13 18:56:08,073 INFO [image]                Sheet.java:1246 | Stored /sheet#1/sheet#1.xml
2021-05-13 18:56:08,147 INFO [image]       StepMonitoring.java:93   | LEDGERS
2021-05-13 18:56:09,026 INFO [image]                 Book.java:1660 | Stored /book.xml
2021-05-13 18:56:10,022 INFO [image]                Sheet.java:1246 | Stored /sheet#1/sheet#1.xml
2021-05-13 18:56:10,025 INFO [image]       StepMonitoring.java:93   | HEADS
2021-05-13 18:56:25,628 INFO [image]                 Book.java:1660 | Stored /book.xml
2021-05-13 18:56:26,510 INFO [image]                Sheet.java:1246 | Stored /sheet#1/sheet#1.xml
2021-05-13 18:56:26,533 INFO [image]       StepMonitoring.java:93   | STEMS
2021-05-13 18:56:30,041 INFO [image]                 Book.java:1660 | Stored /book.xml
2021-05-13 18:56:31,103 INFO [image]                Sheet.java:1246 | Stored /sheet#1/sheet#1.xml
2021-05-13 18:56:31,106 INFO [image]       StepMonitoring.java:93   | REDUCTION
2021-05-13 18:56:31,343 INFO [image]                 Book.java:1660 | Stored /book.xml
2021-05-13 18:56:32,281 INFO [image]                Sheet.java:1246 | Stored /sheet#1/sheet#1.xml
2021-05-13 18:56:32,360 INFO [image]       StepMonitoring.java:93   | CUE_BEAMS
2021-05-13 18:56:32,369 INFO [image]                 Book.java:1660 | Stored /book.xml
2021-05-13 18:56:33,324 INFO [image]                Sheet.java:1246 | Stored /sheet#1/sheet#1.xml
2021-05-13 18:56:33,327 INFO [image]       StepMonitoring.java:93   | TEXTS
2021-05-13 18:56:33,328 WARN [image]            TextsStep.java:82   | TEXTS step: No OCR is available!
2021-05-13 18:56:33,340 INFO [image]                 Book.java:1660 | Stored /book.xml
2021-05-13 18:56:34,281 INFO [image]                Sheet.java:1246 | Stored /sheet#1/sheet#1.xml
2021-05-13 18:56:34,284 INFO [image]       StepMonitoring.java:93   | MEASURES
2021-05-13 18:56:34,290 INFO [image]                 Page.java:251  | 73 raw measures: [73 in system#1]
2021-05-13 18:56:34,298 INFO [image]                 Book.java:1660 | Stored /book.xml
2021-05-13 18:56:35,243 INFO [image]                Sheet.java:1246 | Stored /sheet#1/sheet#1.xml
2021-05-13 18:56:35,246 INFO [image]       StepMonitoring.java:93   | CHORDS
2021-05-13 18:56:35,413 INFO [image]                 Book.java:1660 | Stored /book.xml
2021-05-13 18:56:36,441 INFO [image]                Sheet.java:1246 | Stored /sheet#1/sheet#1.xml
2021-05-13 18:56:36,452 INFO [image]       StepMonitoring.java:93   | CURVES
2021-05-13 18:56:38,142 INFO [image]         SlursBuilder.java:156  | Slurs: 66
2021-05-13 18:56:38,180 INFO [image]      SegmentsBuilder.java:110  | Segments: 86
2021-05-13 18:56:38,194 INFO [image]                 Book.java:1660 | Stored /book.xml
2021-05-13 18:56:39,274 INFO [image]                Sheet.java:1246 | Stored /sheet#1/sheet#1.xml
2021-05-13 18:56:39,276 INFO [image]       StepMonitoring.java:93   | SYMBOLS
2021-05-13 18:56:39,703 INFO [image]                 Book.java:1660 | Stored /book.xml
2021-05-13 18:56:40,806 INFO [image]                Sheet.java:1246 | Stored /sheet#1/sheet#1.xml
2021-05-13 18:56:40,808 INFO [image]       StepMonitoring.java:93   | LINKS
2021-05-13 18:56:40,879 INFO [image]                 Book.java:1660 | Stored /book.xml
2021-05-13 18:56:41,977 INFO [image]                Sheet.java:1246 | Stored /sheet#1/sheet#1.xml
2021-05-13 18:56:41,980 INFO [image]       StepMonitoring.java:93   | RHYTHMS
2021-05-13 18:56:42,131 INFO [image]                 Book.java:1660 | Stored /book.xml
2021-05-13 18:56:43,072 INFO [image]                Sheet.java:1246 | Stored /sheet#1/sheet#1.xml
2021-05-13 18:56:43,623 INFO [image]       StepMonitoring.java:93   | PAGE
2021-05-13 18:56:43,635 INFO [image]                 Book.java:1660 | Stored /book.xml
2021-05-13 18:56:44,574 INFO [image]                Sheet.java:1246 | Stored /sheet#1/sheet#1.xml
2021-05-13 18:56:44,577 INFO [image]            SheetStub.java:979  | Sheet{image} disposed
2021-05-13 18:56:45,215 INFO [image]            SheetStub.java:632  | Loaded /sheet#1/sheet#1.xml
2021-05-13 18:56:45,217 INFO [image]                 Book.java:1451 | Scores built: 1
2021-05-13 18:56:45,827 INFO [image]        ScoreExporter.java:88   | Score image exported to .\tmp\image\image.mxl
2021-05-13 18:56:45,920 INFO [image]                 Book.java:1660 | Stored /book.xml
2021-05-13 18:56:45,920 INFO [image]                 Book.java:1613 | Book stored as .\tmp\image\image.omr
