2021-05-13 18:52:23,850 INFO [image]                 Book.java:473  | 1 sheet in .\tmp\image.png
2021-05-13 18:52:23,952 INFO []                 Book.java:1660 | Stored /book.xml
2021-05-13 18:52:23,952 INFO []                 Book.java:1613 | Book stored as .\tmp\image\image.omr
2021-05-13 18:52:23,955 INFO []                 Book.java:1327 | Book reaching PAGE on sheets:[#1]
2021-05-13 18:52:23,956 INFO [image]       StepMonitoring.java:93   | LOAD
2021-05-13 18:52:24,169 INFO [image]                 Book.java:1226 | Loaded image 1 36864x353 from .\tmp\image.png
2021-05-13 18:52:24,172 INFO [image]            ImageUtil.java:81   | Converting max RGB to gray ...
2021-05-13 18:52:24,536 INFO [image]                 Book.java:1660 | Stored /book.xml
2021-05-13 18:52:24,668 INFO [image]                Sheet.java:1246 | Stored /sheet#1/sheet#1.xml
2021-05-13 18:52:24,669 INFO [image]       StepMonitoring.java:93   | BINARY
2021-05-13 18:52:25,404 INFO [image]                 Book.java:1660 | Stored /book.xml
2021-05-13 18:52:25,984 INFO [image]              Picture.java:784  | Stored /sheet#1/BINARY.xml
2021-05-13 18:52:25,985 INFO [image]                Sheet.java:1246 | Stored /sheet#1/sheet#1.xml
2021-05-13 18:52:25,988 INFO [image]       StepMonitoring.java:93   | SCALE
2021-05-13 18:52:26,022 INFO [image]         ScaleBuilder.java:492  | Beam minHeight:5 maxHeight:16 quorum:7290
2021-05-13 18:52:26,022 INFO [image]            ScaleStep.java:84   | Scale{line(2,2,2) interline(18,18,18) beam(10)}
2021-05-13 18:52:26,030 INFO [image]                 Book.java:1660 | Stored /book.xml
2021-05-13 18:52:26,031 INFO [image]                Sheet.java:1246 | Stored /sheet#1/sheet#1.xml
2021-05-13 18:52:26,033 INFO [image]       StepMonitoring.java:93   | GRID
2021-05-13 18:52:26,757 INFO [image]       LinesRetriever.java:447  | Global slope: 0.00000
2021-05-13 18:52:26,905 INFO [image]    ClustersRetriever.java:235  | Retrieved line clusters: 2 of size: 5 with interline: interline(18,18,18)
2021-05-13 18:52:27,348 INFO [image]            PeakGraph.java:177  | Systems: #1[1, 2]
2021-05-13 18:52:27,883 INFO [image]        SystemManager.java:731  | 1 part along 1 system
2021-05-13 18:52:27,893 INFO [image]                 Book.java:1660 | Stored /book.xml
2021-05-13 18:52:28,015 INFO [image]                Sheet.java:1246 | Stored /sheet#1/sheet#1.xml
2021-05-13 18:52:28,017 INFO [image]       StepMonitoring.java:93   | HEADERS
2021-05-13 18:52:28,147 INFO [image]      BasicClassifier.java:362  | Classifier loaded XML norms.
2021-05-13 18:52:28,150 INFO [image]   AbstractClassifier.java:348  | Classifier data loaded from default uri jar:file:/C:/Program%20Files/Audiveris/lib/audiveris.jar!/res/basic-classifier.zip
2021-05-13 18:52:28,536 WARN [image]            SheetStub.java:845  | Error in performing [LOAD, BINARY, SCALE, GRID, HEADERS, STEM_SEEDS, BEAMS, LEDGERS, HEADS, STEMS, REDUCTION, CUE_BEAMS, TEXTS, MEASURES, CHORDS, CURVES, SYMBOLS, LINKS, RHYTHMS, PAGE] java.util.concurrent.ExecutionException: java.lang.RuntimeException: java.lang.ArrayIndexOutOfBoundsException: 13013151
java.util.concurrent.ExecutionException: java.lang.RuntimeException: java.lang.ArrayIndexOutOfBoundsException: 13013151
	at java.util.concurrent.FutureTask.report(Unknown Source)
	at java.util.concurrent.FutureTask.get(Unknown Source)
	at org.audiveris.omr.sheet.SheetStub.doOneStep(SheetStub.java:1111)
	at org.audiveris.omr.sheet.SheetStub.reachStep(SheetStub.java:832)
	at org.audiveris.omr.sheet.Book.reachBookStep(Book.java:1393)
	at org.audiveris.omr.sheet.Book.transcribe(Book.java:1718)
	at org.audiveris.omr.sheet.Book.export(Book.java:591)
	at org.audiveris.omr.CLI$ProcessingTask.processBook(CLI.java:447)
	at org.audiveris.omr.CLI$CliTask.call(CLI.java:538)
	at org.audiveris.omr.Main.runBatchTasks(Main.java:312)
	at org.audiveris.omr.Main.main(Main.java:153)
	at Audiveris.main(Audiveris.java:49)
Caused by: java.lang.RuntimeException: java.lang.ArrayIndexOutOfBoundsException: 13013151
	at org.audiveris.omr.step.AbstractSystemStep.doitPerSystem(AbstractSystemStep.java:221)
	at org.audiveris.omr.step.AbstractSystemStep.doit(AbstractSystemStep.java:101)
	at org.audiveris.omr.step.Step.doit(Step.java:184)
	at org.audiveris.omr.sheet.SheetStub$4.call(SheetStub.java:1101)
	at org.audiveris.omr.sheet.SheetStub$4.call(SheetStub.java:1089)
	at java.util.concurrent.FutureTask.run(Unknown Source)
	at java.util.concurrent.ThreadPoolExecutor.runWorker(Unknown Source)
	at java.util.concurrent.ThreadPoolExecutor$Worker.run(Unknown Source)
	at java.lang.Thread.run(Unknown Source)
Caused by: java.lang.ArrayIndexOutOfBoundsException: 13013151
	at ij.process.ByteProcessor.get(ByteProcessor.java:262)
	at org.audiveris.omr.sheet.header.KeyExtractor.getProjection(KeyExtractor.java:202)
	at org.audiveris.omr.sheet.header.KeyBuilder.<init>(KeyBuilder.java:224)
	at org.audiveris.omr.sheet.header.KeyColumn.retrieveKeys(KeyColumn.java:150)
	at org.audiveris.omr.sheet.header.HeaderBuilder.processHeader(HeaderBuilder.java:195)
	at org.audiveris.omr.sheet.header.HeadersStep.doSystem(HeadersStep.java:58)
	at org.audiveris.omr.sheet.header.HeadersStep.doSystem(HeadersStep.java:37)
	at org.audiveris.omr.step.AbstractSystemStep$1.call(AbstractSystemStep.java:193)
	at org.audiveris.omr.step.AbstractSystemStep$1.call(AbstractSystemStep.java:176)
	at org.audiveris.omr.step.AbstractSystemStep.doitPerSystem(AbstractSystemStep.java:214)
	... 8 common frames omitted
2021-05-13 18:52:28,540 INFO [image]                 Book.java:1451 | Scores built: 1
2021-05-13 18:52:29,107 INFO [image]        ScoreExporter.java:88   | Score image exported to .\tmp\image\image.mxl
2021-05-13 18:52:29,237 INFO [image]                 Book.java:1660 | Stored /book.xml
2021-05-13 18:52:29,344 INFO [image]                Sheet.java:1246 | Stored /sheet#1/sheet#1.xml
2021-05-13 18:52:29,344 INFO [image]                 Book.java:1613 | Book stored as .\tmp\image\image.omr
